<?xml version="1.0" encoding="UTF-8"?>
<!-- Generated by org.testng.reporters.JUnitXMLReporter -->
<testsuite ignored="12" hostname="DESKTOP-UD3B5D0" failures="1" tests="4" name="Test" time="22.237" errors="0" timestamp="2026-03-14T15:33:47 IST">
  <testcase classname="org.tvam.campaignsmodule.TC002_VerifyUserIsAbleToEditCampaignTest" name="tc002_VerifyUserIsAbleToEditCampaignTest" time="1.37"/>
  <testcase classname="org.tvam.campaignsmodule.TC003_VerifyUserIsAbleToDeleteCampaignTest" name="tc003_VerifyUserIsAbleToDeleteCampaignTest" time="1.025"/>
  <testcase classname="org.tvam.campaignsmodule.TC001_VerifyUserIsAbleToCreateCampaignWithMandatoryFieldsTest" name="tc001_VerifyUserIsAbleToCreateCampaignWithMandatoryFieldsTest" time="1.013"/>
  <testcase classname="org.tvam.campaignsmodule.TC004_VerifyUserIsAbleToCreateCampaignWithAllFieldsTest" name="tc004_VerifyUserIsAbleToCreateCampaignWithAllFieldsTest" time="1.035">
    <failure type="java.lang.AssertionError" message="expected [Campaign Campccecbfad Successfully Added.] but found [Campaign Campccecbfad Successfully Added]">
      <![CDATA[java.lang.AssertionError: expected [Campaign Campccecbfad Successfully Added.] but found [Campaign Campccecbfad Successfully Added]
at org.tvam.campaignsmodule.TC004_VerifyUserIsAbleToCreateCampaignWithAllFieldsTest.tc004_VerifyUserIsAbleToCreateCampaignWithAllFieldsTest(TC004_VerifyUserIsAbleToCreateCampaignWithAllFieldsTest.java:50)
at java.base/java.util.ArrayList.forEach(ArrayList.java:1596)
... Removed 31 stack frames]]>
    </failure>
  </testcase> <!-- tc004_VerifyUserIsAbleToCreateCampaignWithAllFieldsTest -->
  <testcase classname="org.tvam.bussinessutility.BaseClass" name="@AfterTest afterTest" time="0.0">
    <ignored/>
  </testcase> <!-- @AfterTest afterTest -->
  <testcase classname="org.tvam.bussinessutility.BaseClass" name="@BeforeTest beforeTest" time="0.0">
    <ignored/>
  </testcase> <!-- @BeforeTest beforeTest -->
  <testcase classname="org.tvam.bussinessutility.BaseClass" name="@BeforeSuite beforeSuite" time="0.0">
    <ignored/>
  </testcase> <!-- @BeforeSuite beforeSuite -->
  <testcase classname="org.tvam.bussinessutility.BaseClass" name="@AfterSuite afterSuite" time="0.0">
    <ignored/>
  </testcase> <!-- @AfterSuite afterSuite -->
  <testcase classname="org.tvam.bussinessutility.BaseClass" name="@BeforeTest beforeTest" time="0.0">
    <ignored/>
  </testcase> <!-- @BeforeTest beforeTest -->
  <testcase classname="org.tvam.bussinessutility.BaseClass" name="@AfterSuite afterSuite" time="0.0">
    <ignored/>
  </testcase> <!-- @AfterSuite afterSuite -->
  <testcase classname="org.tvam.bussinessutility.BaseClass" name="@AfterTest afterTest" time="0.0">
    <ignored/>
  </testcase> <!-- @AfterTest afterTest -->
  <testcase classname="org.tvam.bussinessutility.BaseClass" name="@BeforeSuite beforeSuite" time="0.0">
    <ignored/>
  </testcase> <!-- @BeforeSuite beforeSuite -->
  <testcase classname="org.tvam.bussinessutility.BaseClass" name="@AfterSuite afterSuite" time="0.0">
    <ignored/>
  </testcase> <!-- @AfterSuite afterSuite -->
  <testcase classname="org.tvam.bussinessutility.BaseClass" name="@BeforeSuite beforeSuite" time="0.0">
    <ignored/>
  </testcase> <!-- @BeforeSuite beforeSuite -->
  <testcase classname="org.tvam.bussinessutility.BaseClass" name="@AfterTest afterTest" time="0.0">
    <ignored/>
  </testcase> <!-- @AfterTest afterTest -->
  <testcase classname="org.tvam.bussinessutility.BaseClass" name="@BeforeTest beforeTest" time="0.0">
    <ignored/>
  </testcase> <!-- @BeforeTest beforeTest -->
</testsuite> <!-- Test -->
