<?xml version="1.0" encoding="UTF-8"?>
<!-- Generated by org.testng.reporters.JUnitXMLReporter -->
<testsuite ignored="14" hostname="DESKTOP-UD3B5D0" failures="0" tests="2" name="Test" time="11.291" errors="0" timestamp="2026-03-14T15:39:49 IST">
  <testcase classname="org.tvam.campaignsmodule.TC003_VerifyUserIsAbleToDeleteCampaignTest" name="tc003_VerifyUserIsAbleToDeleteCampaignTest" time="1.427"/>
  <testcase classname="org.tvam.campaignsmodule.TC001_VerifyUserIsAbleToCreateCampaignWithMandatoryFieldsTest" name="tc001_VerifyUserIsAbleToCreateCampaignWithMandatoryFieldsTest" time="1.052"/>
  <testcase classname="org.tvam.bussinessutility.BaseClass" name="@BeforeSuite beforeSuite" time="0.0">
    <ignored/>
  </testcase> <!-- @BeforeSuite beforeSuite -->
  <testcase classname="org.tvam.bussinessutility.BaseClass" name="@BeforeTest beforeTest" time="0.0">
    <ignored/>
  </testcase> <!-- @BeforeTest beforeTest -->
  <testcase classname="org.tvam.bussinessutility.BaseClass" name="@AfterTest afterTest" time="0.0">
    <ignored/>
  </testcase> <!-- @AfterTest afterTest -->
  <testcase classname="org.tvam.bussinessutility.BaseClass" name="@AfterTest afterTest" time="0.0">
    <ignored/>
  </testcase> <!-- @AfterTest afterTest -->
  <testcase classname="org.tvam.bussinessutility.BaseClass" name="@BeforeSuite beforeSuite" time="0.0">
    <ignored/>
  </testcase> <!-- @BeforeSuite beforeSuite -->
  <testcase classname="org.tvam.bussinessutility.BaseClass" name="@AfterSuite afterSuite" time="0.0">
    <ignored/>
  </testcase> <!-- @AfterSuite afterSuite -->
  <testcase classname="org.tvam.bussinessutility.BaseClass" name="@BeforeTest beforeTest" time="0.0">
    <ignored/>
  </testcase> <!-- @BeforeTest beforeTest -->
  <testcase classname="org.tvam.campaignsmodule.TC002_VerifyUserIsAbleToEditCampaignTest" name="tc002_VerifyUserIsAbleToEditCampaignTest" time="0.0">
    <ignored/>
  </testcase> <!-- tc002_VerifyUserIsAbleToEditCampaignTest -->
  <testcase classname="org.tvam.campaignsmodule.TC004_VerifyUserIsAbleToCreateCampaignWithAllFieldsTest" name="tc004_VerifyUserIsAbleToCreateCampaignWithAllFieldsTest" time="0.0">
    <ignored/>
  </testcase> <!-- tc004_VerifyUserIsAbleToCreateCampaignWithAllFieldsTest -->
  <testcase classname="org.tvam.bussinessutility.BaseClass" name="@BeforeSuite beforeSuite" time="0.0">
    <ignored/>
  </testcase> <!-- @BeforeSuite beforeSuite -->
  <testcase classname="org.tvam.bussinessutility.BaseClass" name="@AfterSuite afterSuite" time="0.0">
    <ignored/>
  </testcase> <!-- @AfterSuite afterSuite -->
  <testcase classname="org.tvam.bussinessutility.BaseClass" name="@AfterSuite afterSuite" time="0.0">
    <ignored/>
  </testcase> <!-- @AfterSuite afterSuite -->
  <testcase classname="org.tvam.bussinessutility.BaseClass" name="@AfterTest afterTest" time="0.0">
    <ignored/>
  </testcase> <!-- @AfterTest afterTest -->
  <testcase classname="org.tvam.bussinessutility.BaseClass" name="@BeforeTest beforeTest" time="0.0">
    <ignored/>
  </testcase> <!-- @BeforeTest beforeTest -->
</testsuite> <!-- Test -->
