<?xml version="1.0" encoding="UTF-8"?>
<!-- Generated by org.testng.reporters.JUnitXMLReporter -->
<testsuite ignored="12" hostname="DESKTOP-UD3B5D0" failures="1" tests="4" name="Test" time="9.326" errors="0" timestamp="2026-03-14T15:35:40 IST">
  <testcase classname="org.tvam.campaignsmodule.TC003_VerifyUserIsAbleToDeleteCampaignTest" name="tc003_VerifyUserIsAbleToDeleteCampaignTest" time="2.329"/>
  <testcase classname="org.tvam.campaignsmodule.TC001_VerifyUserIsAbleToCreateCampaignWithMandatoryFieldsTest" name="tc001_VerifyUserIsAbleToCreateCampaignWithMandatoryFieldsTest" time="2.224"/>
  <testcase classname="org.tvam.campaignsmodule.TC002_VerifyUserIsAbleToEditCampaignTest" name="tc002_VerifyUserIsAbleToEditCampaignTest" time="2.313"/>
  <testcase classname="org.tvam.campaignsmodule.TC004_VerifyUserIsAbleToCreateCampaignWithAllFieldsTest" name="tc004_VerifyUserIsAbleToCreateCampaignWithAllFieldsTest" time="2.338">
    <failure type="java.lang.AssertionError" message="expected [Campaign Campddccffadb Successfully Added.] but found [Campaign Campddccffadb Successfully Added]">
      <![CDATA[java.lang.AssertionError: expected [Campaign Campddccffadb Successfully Added.] but found [Campaign Campddccffadb Successfully Added]
at org.tvam.campaignsmodule.TC004_VerifyUserIsAbleToCreateCampaignWithAllFieldsTest.tc004_VerifyUserIsAbleToCreateCampaignWithAllFieldsTest(TC004_VerifyUserIsAbleToCreateCampaignWithAllFieldsTest.java:50)
at java.base/java.util.concurrent.Executors$RunnableAdapter.call(Executors.java:572)
at java.base/java.util.concurrent.FutureTask.run(FutureTask.java:317)
at java.base/java.util.concurrent.ThreadPoolExecutor.runWorker(ThreadPoolExecutor.java:1144)
at java.base/java.util.concurrent.ThreadPoolExecutor$Worker.run(ThreadPoolExecutor.java:642)
at java.base/java.lang.Thread.run(Thread.java:1583)
... Removed 17 stack frames]]>
    </failure>
  </testcase> <!-- tc004_VerifyUserIsAbleToCreateCampaignWithAllFieldsTest -->
  <testcase classname="org.tvam.bussinessutility.BaseClass" name="@AfterTest afterTest" time="0.0">
    <ignored/>
  </testcase> <!-- @AfterTest afterTest -->
  <testcase classname="org.tvam.bussinessutility.BaseClass" name="@BeforeTest beforeTest" time="0.0">
    <ignored/>
  </testcase> <!-- @BeforeTest beforeTest -->
  <testcase classname="org.tvam.bussinessutility.BaseClass" name="@BeforeSuite beforeSuite" time="0.0">
    <ignored/>
  </testcase> <!-- @BeforeSuite beforeSuite -->
  <testcase classname="org.tvam.bussinessutility.BaseClass" name="@AfterSuite afterSuite" time="0.0">
    <ignored/>
  </testcase> <!-- @AfterSuite afterSuite -->
  <testcase classname="org.tvam.bussinessutility.BaseClass" name="@BeforeTest beforeTest" time="0.0">
    <ignored/>
  </testcase> <!-- @BeforeTest beforeTest -->
  <testcase classname="org.tvam.bussinessutility.BaseClass" name="@AfterSuite afterSuite" time="0.0">
    <ignored/>
  </testcase> <!-- @AfterSuite afterSuite -->
  <testcase classname="org.tvam.bussinessutility.BaseClass" name="@AfterTest afterTest" time="0.0">
    <ignored/>
  </testcase> <!-- @AfterTest afterTest -->
  <testcase classname="org.tvam.bussinessutility.BaseClass" name="@BeforeSuite beforeSuite" time="0.0">
    <ignored/>
  </testcase> <!-- @BeforeSuite beforeSuite -->
  <testcase classname="org.tvam.bussinessutility.BaseClass" name="@AfterSuite afterSuite" time="0.0">
    <ignored/>
  </testcase> <!-- @AfterSuite afterSuite -->
  <testcase classname="org.tvam.bussinessutility.BaseClass" name="@BeforeSuite beforeSuite" time="0.0">
    <ignored/>
  </testcase> <!-- @BeforeSuite beforeSuite -->
  <testcase classname="org.tvam.bussinessutility.BaseClass" name="@AfterTest afterTest" time="0.0">
    <ignored/>
  </testcase> <!-- @AfterTest afterTest -->
  <testcase classname="org.tvam.bussinessutility.BaseClass" name="@BeforeTest beforeTest" time="0.0">
    <ignored/>
  </testcase> <!-- @BeforeTest beforeTest -->
</testsuite> <!-- Test -->
