<?xml version="1.0" encoding="UTF-8"?>
<!-- Generated by org.testng.reporters.JUnitReportReporter -->
<testsuite hostname="DESKTOP-UD3B5D0" failures="0" tests="1" name="org.tvam.campaignsmodule.TC002_VerifyUserIsAbleToEditCampaignTest" time="1.529" errors="0" timestamp="2026-03-14T15:39:19 IST" skipped="0">
  <testcase classname="org.tvam.campaignsmodule.TC002_VerifyUserIsAbleToEditCampaignTest" name="tc002_VerifyUserIsAbleToEditCampaignTest" time="1.529">
    <system-out>
      <![CDATA[Execution Completed
onTestSuccessMethod]]>
    </system-out>
  </testcase> <!-- tc002_VerifyUserIsAbleToEditCampaignTest -->
  <system-out>
    <![CDATA[onStartMethod
BeforeSuite
BeforeTest
BeforeClass
BeforeMethod
Execution Completed
onTestSuccessMethod
AfterMethod
AfterClass
BeforeClass
BeforeMethod
onTestFailureMethod
AfterMethod
AfterClass
AfterTest
AfterSuite]]>
  </system-out>
</testsuite> <!-- org.tvam.campaignsmodule.TC002_VerifyUserIsAbleToEditCampaignTest -->
